This is pdfTeX, Version 3.14159265-2.6-1.40.21 (MiKTeX 20.12) (preloaded format=pdflatex 2020.12.30)  17 JUL 2022 13:20
entering extended mode
**./paper.tex
(paper.tex
LaTeX2e <2020-10-01> patch level 2
L3 programming layer <2020-12-07> xparse <2020-03-03> (llncs.cls
Document Class: llncs 2018/03/10 v2.20 
 LaTeX document class for Lecture Notes in Computer Science
("C:\Users\Adrian\AppData\Local\Programs\MiKTeX 2.9\tex/latex/base\article.cls"
Document Class: article 2020/04/10 v1.4m Standard LaTeX document class
("C:\Users\Adrian\AppData\Local\Programs\MiKTeX 2.9\tex/latex/base\size10.clo"
File: size10.clo 2020/04/10 v1.4m Standard LaTeX file (size option)
)
\c@part=\count177
\c@section=\count178
\c@subsection=\count179
\c@subsubsection=\count180
\c@paragraph=\count181
\c@subparagraph=\count182
\c@figure=\count183
\c@table=\count184
\abovecaptionskip=\skip47
\belowcaptionskip=\skip48
\bibindent=\dimen138
)
("C:\Users\Adrian\AppData\Local\Programs\MiKTeX 2.9\tex/latex/tools\multicol.st
y"
Package: multicol 2019/12/09 v1.8y multicolumn formatting (FMi)
\c@tracingmulticols=\count185
\mult@box=\box47
\multicol@leftmargin=\dimen139
\c@unbalance=\count186
\c@collectmore=\count187
\doublecol@number=\count188
\multicoltolerance=\count189
\multicolpretolerance=\count190
\full@width=\dimen140
\page@free=\dimen141
\premulticols=\dimen142
\postmulticols=\dimen143
\multicolsep=\skip49
\multicolbaselineskip=\skip50
\partial@page=\box48
\last@line=\box49
\maxbalancingoverflow=\dimen144
\mult@rightbox=\box50
\mult@grightbox=\box51
\mult@gfirstbox=\box52
\mult@firstbox=\box53
\@tempa=\box54
\@tempa=\box55
\@tempa=\box56
\@tempa=\box57
\@tempa=\box58
\@tempa=\box59
\@tempa=\box60
\@tempa=\box61
\@tempa=\box62
\@tempa=\box63
\@tempa=\box64
\@tempa=\box65
\@tempa=\box66
\@tempa=\box67
\@tempa=\box68
\@tempa=\box69
\@tempa=\box70
\@tempa=\box71
\@tempa=\box72
\@tempa=\box73
\@tempa=\box74
\@tempa=\box75
\@tempa=\box76
\@tempa=\box77
\@tempa=\box78
\@tempa=\box79
\@tempa=\box80
\@tempa=\box81
\@tempa=\box82
\@tempa=\box83
\@tempa=\box84
\@tempa=\box85
\@tempa=\box86
\@tempa=\box87
\@tempa=\box88
\@tempa=\box89
\@tempa=\box90
\c@minrows=\count191
\c@columnbadness=\count192
\c@finalcolumnbadness=\count193
\last@try=\dimen145
\multicolovershoot=\dimen146
\multicolundershoot=\dimen147
\mult@nat@firstbox=\box91
\colbreak@box=\box92
\mc@col@check@num=\count194
)
("C:\Users\Adrian\AppData\Local\Programs\MiKTeX 2.9\tex/latex/oberdiek\aliascnt
.sty"
Package: aliascnt 2018/09/07 v1.5 Alias counters (HO)
)
\c@chapter=\count195
LaTeX Font Info:    Redeclaring math symbol \Gamma on input line 362.
LaTeX Font Info:    Redeclaring math symbol \Delta on input line 363.
LaTeX Font Info:    Redeclaring math symbol \Theta on input line 364.
LaTeX Font Info:    Redeclaring math symbol \Lambda on input line 365.
LaTeX Font Info:    Redeclaring math symbol \Xi on input line 366.
LaTeX Font Info:    Redeclaring math symbol \Pi on input line 367.
LaTeX Font Info:    Redeclaring math symbol \Sigma on input line 368.
LaTeX Font Info:    Redeclaring math symbol \Upsilon on input line 369.
LaTeX Font Info:    Redeclaring math symbol \Phi on input line 370.
LaTeX Font Info:    Redeclaring math symbol \Psi on input line 371.
LaTeX Font Info:    Redeclaring math symbol \Omega on input line 372.
\tocchpnum=\dimen148
\tocsecnum=\dimen149
\tocsectotal=\dimen150
\tocsubsecnum=\dimen151
\tocsubsectotal=\dimen152
\tocsubsubsecnum=\dimen153
\tocsubsubsectotal=\dimen154
\tocparanum=\dimen155
\tocparatotal=\dimen156
\tocsubparanum=\dimen157
\@tempcntc=\count196
\fnindent=\dimen158
\c@@inst=\count197
\c@@auth=\count198
\c@auco=\count199
\instindent=\dimen159
\authrun=\box93
\authorrunning=\toks15
\tocauthor=\toks16
\titrun=\box94
\titlerunning=\toks17
\toctitle=\toks18
\c@theorem=\count266
\c@case=\count267
\c@conjecture=\count268
\c@corollary=\count269
\c@definition=\count270
\c@example=\count271
\c@exercise=\count272
\c@lemma=\count273
\c@note=\count274
\c@problem=\count275
\c@property=\count276
\c@proposition=\count277
\c@question=\count278
\c@solution=\count279
\c@remark=\count280
\headlineindent=\dimen160
)
("C:\Users\Adrian\AppData\Local\Programs\MiKTeX 2.9\tex/latex/graphics\graphicx
.sty"
Package: graphicx 2020/09/09 v1.2b Enhanced LaTeX Graphics (DPC,SPQR)

("C:\Users\Adrian\AppData\Local\Programs\MiKTeX 2.9\tex/latex/graphics\keyval.s
ty"
Package: keyval 2014/10/28 v1.15 key=value parser (DPC)
\KV@toks@=\toks19
)
("C:\Users\Adrian\AppData\Local\Programs\MiKTeX 2.9\tex/latex/graphics\graphics
.sty"
Package: graphics 2020/08/30 v1.4c Standard LaTeX Graphics (DPC,SPQR)

("C:\Users\Adrian\AppData\Local\Programs\MiKTeX 2.9\tex/latex/graphics\trig.sty
"
Package: trig 2016/01/03 v1.10 sin cos tan (DPC)
)
("C:\Users\Adrian\AppData\Local\Programs\MiKTeX 2.9\tex/latex/graphics-cfg\grap
hics.cfg"
File: graphics.cfg 2016/06/04 v1.11 sample graphics configuration
)
Package graphics Info: Driver file: pdftex.def on input line 105.

("C:\Users\Adrian\AppData\Local\Programs\MiKTeX 2.9\tex/latex/graphics-def\pdft
ex.def"
File: pdftex.def 2020/10/05 v1.2a Graphics/color driver for pdftex
))
\Gin@req@height=\dimen161
\Gin@req@width=\dimen162
)
("C:\Users\Adrian\AppData\Local\Programs\MiKTeX 2.9\tex/latex/float\float.sty"
Package: float 2001/11/08 v1.3d Float enhancements (AL)
\c@float@type=\count281
\float@exts=\toks20
\float@box=\box95
\@float@everytoks=\toks21
\@floatcapt=\box96
)
("C:\Users\Adrian\AppData\Local\Programs\MiKTeX 2.9\tex/latex/listings\listings
.sty"
\lst@mode=\count282
\lst@gtempboxa=\box97
\lst@token=\toks22
\lst@length=\count283
\lst@currlwidth=\dimen163
\lst@column=\count284
\lst@pos=\count285
\lst@lostspace=\dimen164
\lst@width=\dimen165
\lst@newlines=\count286
\lst@lineno=\count287
\lst@maxwidth=\dimen166

("C:\Users\Adrian\AppData\Local\Programs\MiKTeX 2.9\tex/latex/listings\lstmisc.
sty"
File: lstmisc.sty 2020/03/24 1.8d (Carsten Heinz)
\c@lstnumber=\count288
\lst@skipnumbers=\count289
\lst@framebox=\box98
)
("C:\Users\Adrian\AppData\Local\Programs\MiKTeX 2.9\tex/latex/listings\listings
.cfg"
File: listings.cfg 2020/03/24 1.8d listings configuration
))
Package: listings 2020/03/24 1.8d (Carsten Heinz)

("C:\Users\Adrian\AppData\Local\Programs\MiKTeX 2.9\tex/latex/l3backend\l3backe
nd-pdftex.def"
File: l3backend-pdftex.def 2020-09-24 L3 backend support: PDF output (pdfTeX)
\l__kernel_color_stack_int=\count290
\l__pdf_internal_box=\box99
) (paper.aux)
\openout1 = `paper.aux'.

LaTeX Font Info:    Checking defaults for OML/cmm/m/it on input line 9.
LaTeX Font Info:    ... okay on input line 9.
LaTeX Font Info:    Checking defaults for OMS/cmsy/m/n on input line 9.
LaTeX Font Info:    ... okay on input line 9.
LaTeX Font Info:    Checking defaults for OT1/cmr/m/n on input line 9.
LaTeX Font Info:    ... okay on input line 9.
LaTeX Font Info:    Checking defaults for T1/cmr/m/n on input line 9.
LaTeX Font Info:    ... okay on input line 9.
LaTeX Font Info:    Checking defaults for TS1/cmr/m/n on input line 9.
LaTeX Font Info:    ... okay on input line 9.
LaTeX Font Info:    Checking defaults for OMX/cmex/m/n on input line 9.
LaTeX Font Info:    ... okay on input line 9.
LaTeX Font Info:    Checking defaults for U/cmr/m/n on input line 9.
LaTeX Font Info:    ... okay on input line 9.

("C:\Users\Adrian\AppData\Local\Programs\MiKTeX 2.9\tex/context/base/mkii\supp-
pdf.mkii"
[Loading MPS to PDF converter (version 2006.09.02).]
\scratchcounter=\count291
\scratchdimen=\dimen167
\scratchbox=\box100
\nofMPsegments=\count292
\nofMParguments=\count293
\everyMPshowfont=\toks23
\MPscratchCnt=\count294
\MPscratchDim=\dimen168
\MPnumerator=\count295
\makeMPintoPDFobject=\count296
\everyMPtoPDFconversion=\toks24
)
("C:\Users\Adrian\AppData\Local\Programs\MiKTeX 2.9\tex/latex/epstopdf-pkg\epst
opdf-base.sty"
Package: epstopdf-base 2020-01-24 v2.11 Base part for package epstopdf
Package epstopdf-base Info: Redefining graphics rule for `.eps' on input line 4
85.
)
\c@lstlisting=\count297

Overfull \hbox (12.41943pt too wide) in paragraph at lines 29--33
\OT1/cmr/m/n/9 In-for-matik dar. Fol-glich wird ver-sucht, die Geschwindigkeit 
von entsprechen-
 []

[1

{C:/Users/Adrian/AppData/Local/MiKTeX/2.9/pdftex/config/pdftex.map}]
LaTeX Font Info:    External font `cmex10' loaded for size
(Font)              <7> on input line 37.
LaTeX Font Info:    External font `cmex10' loaded for size
(Font)              <5> on input line 37.
<Images/MAPF-Problem.png, id=11, 390.70969pt x 390.70969pt>
File: Images/MAPF-Problem.png Graphic file (type png)
<use Images/MAPF-Problem.png>
Package pdftex.def Info: Images/MAPF-Problem.png  used on input line 46.
(pdftex.def)             Requested size: 156.2811pt x 156.2811pt.


LaTeX Warning: `h' float specifier changed to `ht'.

[2] [3 <./Images/MAPF-Problem.png>]
Underfull \hbox (badness 10000) in paragraph at lines 75--78

 []

[4]
Overfull \hbox (4.6234pt too wide) in paragraph at lines 98--98
[]\OT1/cmtt/m/n/10 position((X,Y))            :- init(object(node,_),value(at,(
X,Y))).[] 
 []


Overfull \hbox (9.87335pt too wide) in paragraph at lines 98--98
[]\OT1/cmtt/m/n/10 position(R,(X,Y),0)        :- init(object(robot,R),value(at,
(X,Y))).[] 
 []


Overfull \hbox (9.87335pt too wide) in paragraph at lines 98--98
[]\OT1/cmtt/m/n/10 position(shelf(S),(X,Y),0) :- init(object(shelf,S),value(at,
(X,Y))).[] 
 []


Overfull \hbox (9.87335pt too wide) in paragraph at lines 114--114
[]                                 \OT1/cmtt/m/n/10 position((X,Y)), position((
X',Y')),[] 
 []


Overfull \hbox (4.6234pt too wide) in paragraph at lines 127--127
[]\OT1/cmtt/m/n/10 position(R,C,T) :- move(R,D,T), position(R,C',T-1), nextto(C
',D,C).[] 
 []

[5] [6]
Overfull \hbox (20.37326pt too wide) in paragraph at lines 152--152
[]\OT1/cmtt/m/n/10 :- move(R,_,T1), not move(R,_,T2), time(T2), isRobot(robot(R
)), T2<T1.[] 
 []

[7]
File: Images/MAPF-Problem.png Graphic file (type png)
<use Images/MAPF-Problem.png>
Package pdftex.def Info: Images/MAPF-Problem.png  used on input line 170.
(pdftex.def)             Requested size: 156.2811pt x 156.2811pt.

Overfull \hbox (17.4338pt too wide) in paragraph at lines 170--171
 [][] 
 []

LaTeX Font Info:    External font `cmex10' loaded for size
(Font)              <9> on input line 173.
LaTeX Font Info:    External font `cmex10' loaded for size
(Font)              <6> on input line 173.
<Images/SP-Example.png, id=39, 390.70969pt x 390.70969pt>
File: Images/SP-Example.png Graphic file (type png)
<use Images/SP-Example.png>
Package pdftex.def Info: Images/SP-Example.png  used on input line 176.
(pdftex.def)             Requested size: 156.2811pt x 156.2811pt.

Overfull \hbox (17.4338pt too wide) in paragraph at lines 176--177
 [][] 
 []

[8 <./Images/SP-Example.png>]
Overfull \hbox (9.87335pt too wide) in paragraph at lines 223--223
[]\OT1/cmtt/m/n/10 nextto((X,Y),(DX,DY),(X',Y')) :- dir((DX,DY)), comb_position
((X,Y)),[] 
 []

[9]
Underfull \hbox (badness 10000) in paragraph at lines 224--225

 []

<Images/Post-Combining-Example.png, id=47, 390.70969pt x 390.70969pt>
File: Images/Post-Combining-Example.png Graphic file (type png)
<use Images/Post-Combining-Example.png>
Package pdftex.def Info: Images/Post-Combining-Example.png  used on input line 
228.
(pdftex.def)             Requested size: 156.2811pt x 156.2811pt.

Overfull \hbox (17.4338pt too wide) in paragraph at lines 228--229
 [][] 
 []

<Images/ONC-2-2-Example.png, id=48, 390.70969pt x 390.70969pt>
File: Images/ONC-2-2-Example.png Graphic file (type png)
<use Images/ONC-2-2-Example.png>
Package pdftex.def Info: Images/ONC-2-2-Example.png  used on input line 234.
(pdftex.def)             Requested size: 156.2811pt x 156.2811pt.

Overfull \hbox (17.4338pt too wide) in paragraph at lines 234--235
 [][] 
 []

[10 <./Images/Post-Combining-Example.png> <./Images/ONC-2-2-Example.png>]
<Images/RN-Explanation.png, id=54, 333.49594pt x 333.49594pt>
File: Images/RN-Explanation.png Graphic file (type png)
<use Images/RN-Explanation.png>
Package pdftex.def Info: Images/RN-Explanation.png  used on input line 255.
(pdftex.def)             Requested size: 133.39601pt x 133.39601pt.

[11 <./Images/RN-Explanation.png>] [12] [13] [14] [15] [16]
<Images/Small-Open.png, id=76, 522.45187pt x 521.69907pt>
File: Images/Small-Open.png Graphic file (type png)
<use Images/Small-Open.png>
Package pdftex.def Info: Images/Small-Open.png  used on input line 344.
(pdftex.def)             Requested size: 208.97704pt x 208.67592pt.
<Images/Small-Open-1R.png, id=77, 522.45187pt x 522.45187pt>
File: Images/Small-Open-1R.png Graphic file (type png)
<use Images/Small-Open-1R.png>
Package pdftex.def Info: Images/Small-Open-1R.png  used on input line 349.
(pdftex.def)             Requested size: 104.48851pt x 104.48851pt.
<Images/Small-Open-2R.png, id=78, 517.18219pt x 520.19344pt>
File: Images/Small-Open-2R.png Graphic file (type png)
<use Images/Small-Open-2R.png>
Package pdftex.def Info: Images/Small-Open-2R.png  used on input line 354.
(pdftex.def)             Requested size: 103.4346pt x 104.03683pt.
<Images/Small-Rooms.png, id=79, 521.69907pt x 517.18219pt>
File: Images/Small-Rooms.png Graphic file (type png)
<use Images/Small-Rooms.png>
Package pdftex.def Info: Images/Small-Rooms.png  used on input line 361.
(pdftex.def)             Requested size: 208.67592pt x 206.8692pt.
<Images/Medium-Rooms.png, id=80, 522.45187pt x 523.9575pt>
File: Images/Medium-Rooms.png Graphic file (type png)
<use Images/Medium-Rooms.png>
Package pdftex.def Info: Images/Medium-Rooms.png  used on input line 365.
(pdftex.def)             Requested size: 208.97704pt x 209.57928pt.

Underfull \vbox (badness 1939) has occurred while \output is active []

 [17 <./Images/Small-Open.png> <./Images/Small-Open-1R.png> <./Images/Small-Ope
n-2R.png>]
<Images/Large-Rooms.png, id=87, 530.73282pt x 521.69907pt>
File: Images/Large-Rooms.png Graphic file (type png)
<use Images/Large-Rooms.png>
Package pdftex.def Info: Images/Large-Rooms.png  used on input line 369.
(pdftex.def)             Requested size: 212.28937pt x 208.67592pt.

[18 <./Images/Small-Rooms.png> <./Images/Medium-Rooms.png>] [19 <./Images/Large
-Rooms.png>]
<Images/Results-Small-Rooms-1.png, id=98, 651.1527pt x 641.0349pt>
File: Images/Results-Small-Rooms-1.png Graphic file (type png)
<use Images/Results-Small-Rooms-1.png>
Package pdftex.def Info: Images/Results-Small-Rooms-1.png  used on input line 3
78.
(pdftex.def)             Requested size: 227.90686pt x 224.36557pt.
<Images/Results-Small-Rooms-2.png, id=99, 1146.9249pt x 658.3797pt>
File: Images/Results-Small-Rooms-2.png Graphic file (type png)
<use Images/Results-Small-Rooms-2.png>
Package pdftex.def Info: Images/Results-Small-Rooms-2.png  used on input line 3
82.
(pdftex.def)             Requested size: 401.42973pt x 230.43634pt.

Overfull \hbox (54.3062pt too wide) in paragraph at lines 382--383
[][] 
 []


Underfull \vbox (badness 10000) has occurred while \output is active []

 [20 <./Images/Results-Small-Rooms-1.png>]
<Images/Results-Small-Open-1.png, id=104, 479.1501pt x 458.9145pt>
File: Images/Results-Small-Open-1.png Graphic file (type png)
<use Images/Results-Small-Open-1.png>
Package pdftex.def Info: Images/Results-Small-Open-1.png  used on input line 38
9.
(pdftex.def)             Requested size: 191.65663pt x 183.56255pt.

Overfull \hbox (52.80934pt too wide) in paragraph at lines 389--390
 [][] 
 []


Underfull \hbox (badness 5077) in paragraph at lines 390--390
[]\OT1/cmr/bx/n/9 Fig.15. \OT1/cmr/m/n/9 Re-sults for Com-plete
 []

<Images/Results-Small-Open-2.png, id=105, 461.0826pt x 450.9648pt>
File: Images/Results-Small-Open-2.png Graphic file (type png)
<use Images/Results-Small-Open-2.png>
Package pdftex.def Info: Images/Results-Small-Open-2.png  used on input line 39
4.
(pdftex.def)             Requested size: 184.42976pt x 180.38272pt.

Overfull \hbox (45.58247pt too wide) in paragraph at lines 394--395
 [][] 
 []

<Images/Results-Small-Open-3.png, id=106, 1133.9163pt x 656.2116pt>
File: Images/Results-Small-Open-3.png Graphic file (type png)
<use Images/Results-Small-Open-3.png>
Package pdftex.def Info: Images/Results-Small-Open-3.png  used on input line 39
9.
(pdftex.def)             Requested size: 453.55849pt x 262.47998pt.

Overfull \hbox (106.43495pt too wide) in paragraph at lines 399--400
[][] 
 []

[21 <./Images/Results-Small-Rooms-2.png> <./Images/Results-Small-Open-1.png> <.
/Images/Results-Small-Open-2.png>]
<Images/Results-Medium-Rooms-1.png, id=113, 456.7464pt x 458.1918pt>
File: Images/Results-Medium-Rooms-1.png Graphic file (type png)
<use Images/Results-Medium-Rooms-1.png>
Package pdftex.def Info: Images/Results-Medium-Rooms-1.png  used on input line 
405.
(pdftex.def)             Requested size: 182.69531pt x 183.27347pt.
<Images/Results-Medium-Rooms-2.png, id=114, 770.3982pt x 476.2593pt>
File: Images/Results-Medium-Rooms-2.png Graphic file (type png)
<use Images/Results-Medium-Rooms-2.png>
Package pdftex.def Info: Images/Results-Medium-Rooms-2.png  used on input line 
409.
(pdftex.def)             Requested size: 308.15382pt x 190.50034pt.

Underfull \vbox (badness 10000) has occurred while \output is active []

 [22 <./Images/Results-Small-Open-3.png>]
<Images/Results-Medium-Open-1.png, id=119, 463.9734pt x 469.755pt>
File: Images/Results-Medium-Open-1.png Graphic file (type png)
<use Images/Results-Medium-Open-1.png>
Package pdftex.def Info: Images/Results-Medium-Open-1.png  used on input line 4
17.
(pdftex.def)             Requested size: 185.58606pt x 187.89867pt.

Overfull \hbox (46.73877pt too wide) in paragraph at lines 417--418
 [][] 
 []


Underfull \hbox (badness 5077) in paragraph at lines 418--418
[]\OT1/cmr/bx/n/9 Fig.20. \OT1/cmr/m/n/9 Re-sults for Com-plete
 []

<Images/Results-Medium-Open-2.png, id=120, 459.6372pt x 485.6544pt>
File: Images/Results-Medium-Open-2.png Graphic file (type png)
<use Images/Results-Medium-Open-2.png>
Package pdftex.def Info: Images/Results-Medium-Open-2.png  used on input line 4
22.
(pdftex.def)             Requested size: 183.85162pt x 194.25832pt.

Overfull \hbox (45.00433pt too wide) in paragraph at lines 422--423
 [][] 
 []


Underfull \hbox (badness 1803) in paragraph at lines 423--423
\OT1/cmr/m/n/9 Com-bin-ing sizes 2x2, 8x8, and
 []

<Images/Results-Medium-Open-3.png, id=121, 775.4571pt x 495.7722pt>
File: Images/Results-Medium-Open-3.png Graphic file (type png)
<use Images/Results-Medium-Open-3.png>
Package pdftex.def Info: Images/Results-Medium-Open-3.png  used on input line 4
27.
(pdftex.def)             Requested size: 310.17735pt x 198.30536pt.

Underfull \vbox (badness 7168) has occurred while \output is active []

 [23 <./Images/Results-Medium-Rooms-1.png> <./Images/Results-Medium-Rooms-2.png
>]
<Images/Results-Large-Rooms-1.png, id=127, 474.0912pt x 463.9734pt>
File: Images/Results-Large-Rooms-1.png Graphic file (type png)
<use Images/Results-Large-Rooms-1.png>
Package pdftex.def Info: Images/Results-Large-Rooms-1.png  used on input line 4
33.
(pdftex.def)             Requested size: 189.63312pt x 185.58606pt.
 [24 <./Images/Results-Medium-Open-1.png> <./Images/Results-Medium-Open-2.png> 
<./Images/Results-Medium-Open-3.png>]
<Images/Results-Large-Open-1.png, id=134, 452.4102pt x 487.0998pt>
File: Images/Results-Large-Open-1.png Graphic file (type png)
<use Images/Results-Large-Open-1.png>
Package pdftex.def Info: Images/Results-Large-Open-1.png  used on input line 44
0.
(pdftex.def)             Requested size: 180.96086pt x 194.83646pt.

Overfull \hbox (42.11357pt too wide) in paragraph at lines 440--441
 [][] 
 []


Underfull \hbox (badness 5077) in paragraph at lines 441--441
[]\OT1/cmr/bx/n/9 Fig.24. \OT1/cmr/m/n/9 Re-sults for Com-plete
 []

<Images/Results-Large-Open-2.png, id=135, 489.9906pt x 494.3268pt>
File: Images/Results-Large-Open-2.png Graphic file (type png)
<use Images/Results-Large-Open-2.png>
Package pdftex.def Info: Images/Results-Large-Open-2.png  used on input line 44
5.
(pdftex.def)             Requested size: 195.99277pt x 197.7272pt.

Overfull \hbox (57.14548pt too wide) in paragraph at lines 445--446
 [][] 
 []


Underfull \hbox (badness 1803) in paragraph at lines 446--446
\OT1/cmr/m/n/9 Com-bin-ing sizes 2x2, 8x8, and
 []

<Images/Results-Large-Open-3.png, id=136, 802.197pt x 459.6372pt>
File: Images/Results-Large-Open-3.png Graphic file (type png)
<use Images/Results-Large-Open-3.png>
Package pdftex.def Info: Images/Results-Large-Open-3.png  used on input line 45
0.
(pdftex.def)             Requested size: 320.87311pt x 183.85162pt.
[25 <./Images/Results-Large-Rooms-1.png> <./Images/Results-Large-Open-1.png> <.
/Images/Results-Large-Open-2.png>] [26 <./Images/Results-Large-Open-3.png>]
Overfull \hbox (2.70953pt too wide) in paragraph at lines 462--466
[] 
 []

[27] (paper.aux) ) 
Here is how much of TeX's memory you used:
 3513 strings out of 479662
 52323 string characters out of 2863093
 334326 words of memory out of 3000000
 20605 multiletter control sequences out of 15000+200000
 408963 words of font info for 46 fonts, out of 3000000 for 9000
 1141 hyphenation exceptions out of 8191
 66i,8n,72p,1980b,999s stack positions out of 5000i,500n,10000p,200000b,50000s
<C:/Users/Adrian/AppData/Local/Programs/MiKTeX 2.9/fonts/type
1/public/amsfonts/cm/cmbx10.pfb><C:/Users/Adrian/AppData/Local/Programs/MiKTeX 
2.9/fonts/type1/public/amsfonts/cm/cmbx12.pfb><C:/Users/Adrian/AppData/Local/Pr
ograms/MiKTeX 2.9/fonts/type1/public/amsfonts/cm/cmbx9.pfb><C:/Users/Adrian/App
Data/Local/Programs/MiKTeX 2.9/fonts/type1/public/amsfonts/cm/cmcsc10.pfb><C:/U
sers/Adrian/AppData/Local/Programs/MiKTeX 2.9/fonts/type1/public/amsfonts/cm/cm
mi10.pfb><C:/Users/Adrian/AppData/Local/Programs/MiKTeX 2.9/fonts/type1/public/
amsfonts/cm/cmmi7.pfb><C:/Users/Adrian/AppData/Local/Programs/MiKTeX 2.9/fonts/
type1/public/amsfonts/cm/cmmi9.pfb><C:/Users/Adrian/AppData/Local/Programs/MiKT
eX 2.9/fonts/type1/public/amsfonts/cm/cmr10.pfb><C:/Users/Adrian/AppData/Local/
Programs/MiKTeX 2.9/fonts/type1/public/amsfonts/cm/cmr7.pfb><C:/Users/Adrian/Ap
pData/Local/Programs/MiKTeX 2.9/fonts/type1/public/amsfonts/cm/cmr9.pfb><C:/Use
rs/Adrian/AppData/Local/Programs/MiKTeX 2.9/fonts/type1/public/amsfonts/cm/cmsy
10.pfb><C:/Users/Adrian/AppData/Local/Programs/MiKTeX 2.9/fonts/type1/public/am
sfonts/cm/cmti12.pfb><C:/Users/Adrian/AppData/Local/Programs/MiKTeX 2.9/fonts/t
ype1/public/amsfonts/cm/cmtt10.pfb><C:/Users/Adrian/AppData/Local/Programs/MiKT
eX 2.9/fonts/type1/public/amsfonts/cm/cmtt9.pfb>
Output written on paper.pdf (27 pages, 842623 bytes).
PDF statistics:
 195 PDF objects out of 1000 (max. 8388607)
 0 named destinations out of 1000 (max. 500000)
 126 words of extra memory for PDF output out of 10000 (max. 10000000)

